<?xml version="1.0" encoding="UTF-8"?>
<!-- Generated by org.testng.reporters.JUnitReportReporter -->
<testsuite hostname="LAPTOP-RDLCABT7" failures="0" tests="1" name="com.automationdemo.testcases.TestCaseDemo" time="2.865" errors="0" timestamp="2024-11-27T16:38:31 IST" skipped="0">
  <testcase classname="com.automationdemo.testcases.TestCaseDemo" name="verifyLogin" time="2.865"/>
  <system-out/>
</testsuite> <!-- com.automationdemo.testcases.TestCaseDemo -->
