<?xml version="1.0" encoding="UTF-8"?>
<!-- Generated by org.testng.reporters.JUnitReportReporter -->
<testsuite hostname="LAPTOP-RDLCABT7" failures="0" tests="1" name="com.automationdemo.testcases.TestCaseDemo" time="3.105" errors="0" timestamp="2024-11-28T14:47:23 IST" skipped="0">
  <testcase classname="com.automationdemo.testcases.TestCaseDemo" name="verifyLogin" time="3.105"/>
  <system-out/>
</testsuite> <!-- com.automationdemo.testcases.TestCaseDemo -->
